<?xml version="1.0" encoding="UTF-8"?>
<testsuite xmlns:xsi="http://www.w3.org/2001/XMLSchema-instance" xsi:noNamespaceSchemaLocation="https://maven.apache.org/surefire/maven-surefire-plugin/xsd/surefire-test-report.xsd" version="3.0.1" name="com.mycompany.app.SqrtTest" time="0.085" tests="20" errors="0" skipped="0" failures="0">
  <properties>
[...]
</properties>
  <testcase name="averageZero" classname="com.mycompany.app.SqrtTest" time="0.027"/>
  <testcase name="calcHundred" classname="com.mycompany.app.SqrtTest" time="0.001"/>
  <testcase name="improveBasic" classname="com.mycompany.app.SqrtTest" time="0.001"/>
  <testcase name="improveExact" classname="com.mycompany.app.SqrtTest" time="0.001"/>
  <testcase name="goodFarFromDelta" classname="com.mycompany.app.SqrtTest" time="0.001"/>
  <testcase name="calcLarge" classname="com.mycompany.app.SqrtTest" time="0.001"/>
  <testcase name="calcSeven" classname="com.mycompany.app.SqrtTest" time="0.001"/>
  <testcase name="calcSixteen" classname="com.mycompany.app.SqrtTest" time="0.001"/>
  <testcase name="calcFour" classname="com.mycompany.app.SqrtTest" time="0.001"/>
  <testcase name="calcNine" classname="com.mycompany.app.SqrtTest" time="0.001"/>
  <testcase name="iterExactGuess" classname="com.mycompany.app.SqrtTest" time="0.001"/>
  <testcase name="averageNegative" classname="com.mycompany.app.SqrtTest" time="0.001"/>
  <testcase name="calcOne" classname="com.mycompany.app.SqrtTest" time="0.001"/>
  <testcase name="calcTwo" classname="com.mycompany.app.SqrtTest" time="0.001"/>
  <testcase name="iterConverges" classname="com.mycompany.app.SqrtTest" time="0.001"/>
  <testcase name="goodNearDelta" classname="com.mycompany.app.SqrtTest" time="0.001"/>
  <testcase name="averageBasic" classname="com.mycompany.app.SqrtTest" time="0.002"/>
  <testcase name="averageEqual" classname="com.mycompany.app.SqrtTest" time="0.0"/>
  <testcase name="goodFalse" classname="com.mycompany.app.SqrtTest" time="0.001"/>
  <testcase name="goodTrue" classname="com.mycompany.app.SqrtTest" time="0.001"/>
</testsuite>